# JRE version: Java(TM) SE Runtime Environment (17.0.10+11) (build 17.0.10+11-LTS-240)
# Java VM: Java HotSpot(TM) 64-Bit Server VM (17.0.10+11-LTS-240, mixed mode, emulated-client, sharing, tiered, compressed oops, compressed class ptrs, g1 gc, windows-amd64)
GC Precious Log:
 CPUs: 16 total, 16 available
 Memory: 14020M
 Large Page Support: Disabled
 NUMA Support: Disabled
 Compressed Oops: Enabled (Zero based)
 Heap Region Size: 2M
 Heap Min Capacity: 8M
 Heap Initial Capacity: 220M
 Heap Max Capacity: 3506M
 Pre-touch: Disabled
 Parallel Workers: 13
 Concurrent Workers: 3
 Concurrent Refinement Workers: 13
 Periodic GC: Disabled
Heap:
 garbage-first heap   total 225280K, used 83938K [0x0000000724e00000, 0x0000000800000000)
  region size 2048K, 2 young (4096K), 2 survivors (4096K)
 Metaspace       used 121576K, committed 122368K, reserved 1179648K
  class space    used 16340K, committed 16704K, reserved 1048576K
GC Heap History (20 events):
Event: 7.051 GC heap after
{Heap after GC invocations=23 (full 0):
 garbage-first heap   total 116736K, used 69070K [0x0000000724e00000, 0x0000000800000000)
  region size 2048K, 2 young (4096K), 2 survivors (4096K)
 Metaspace       used 95367K, committed 95936K, reserved 1179648K
  class space    used 12954K, committed 13184K, reserved 1048576K
}
Event: 7.613 GC heap before
{Heap before GC invocations=24 (full 0):
 garbage-first heap   total 131072K, used 91598K [0x0000000724e00000, 0x0000000800000000)
  region size 2048K, 13 young (26624K), 2 survivors (4096K)
 Metaspace       used 97117K, committed 97664K, reserved 1179648K
  class space    used 13215K, committed 13440K, reserved 1048576K
}
Event: 7.615 GC heap after
{Heap after GC invocations=25 (full 0):
 garbage-first heap   total 131072K, used 70579K [0x0000000724e00000, 0x0000000800000000)
  region size 2048K, 2 young (4096K), 2 survivors (4096K)
 Metaspace       used 97117K, committed 97664K, reserved 1179648K
  class space    used 13215K, committed 13440K, reserved 1048576K
}
Event: 7.971 GC heap before
{Heap before GC invocations=25 (full 0):
 garbage-first heap   total 131072K, used 105395K [0x0000000724e00000, 0x0000000800000000)
  region size 2048K, 19 young (38912K), 2 survivors (4096K)
 Metaspace       used 104649K, committed 105280K, reserved 1179648K
  class space    used 13796K, committed 14080K, reserved 1048576K
}
Event: 7.974 GC heap after
{Heap after GC invocations=26 (full 0):
 garbage-first heap   total 131072K, used 73595K [0x0000000724e00000, 0x0000000800000000)
  region size 2048K, 3 young (6144K), 3 survivors (6144K)
 Metaspace       used 104649K, committed 105280K, reserved 1179648K
  class space    used 13796K, committed 14080K, reserved 1048576K
}
Event: 8.076 GC heap before
{Heap before GC invocations=27 (full 0):
 garbage-first heap   total 143360K, used 104315K [0x0000000724e00000, 0x0000000800000000)
  region size 2048K, 18 young (36864K), 3 survivors (6144K)
 Metaspace       used 104757K, committed 105344K, reserved 1179648K
  class space    used 13817K, committed 14080K, reserved 1048576K
}
Event: 8.079 GC heap after
{Heap after GC invocations=28 (full 0):
 garbage-first heap   total 143360K, used 75663K [0x0000000724e00000, 0x0000000800000000)
  region size 2048K, 3 young (6144K), 3 survivors (6144K)
 Metaspace       used 104757K, committed 105344K, reserved 1179648K
  class space    used 13817K, committed 14080K, reserved 1048576K
}
Event: 199.610 GC heap before
{Heap before GC invocations=28 (full 0):
 garbage-first heap   total 143360K, used 112527K [0x0000000724e00000, 0x0000000800000000)
  region size 2048K, 22 young (45056K), 3 survivors (6144K)
 Metaspace       used 106404K, committed 107136K, reserved 1179648K
  class space    used 14050K, committed 14400K, reserved 1048576K
}
Event: 199.614 GC heap after
{Heap after GC invocations=29 (full 0):
 garbage-first heap   total 143360K, used 77519K [0x0000000724e00000, 0x0000000800000000)
  region size 2048K, 2 young (4096K), 2 survivors (4096K)
 Metaspace       used 106404K, committed 107136K, reserved 1179648K
  class space    used 14050K, committed 14400K, reserved 1048576K
}
Event: 450.042 GC heap before
{Heap before GC invocations=30 (full 0):
 garbage-first heap   total 143360K, used 114383K [0x0000000724e00000, 0x0000000800000000)
  region size 2048K, 21 young (43008K), 2 survivors (4096K)
 Metaspace       used 111286K, committed 111872K, reserved 1179648K
  class space    used 14638K, committed 14912K, reserved 1048576K
}
Event: 450.045 GC heap after
{Heap after GC invocations=31 (full 0):
 garbage-first heap   total 143360K, used 79869K [0x0000000724e00000, 0x0000000800000000)
  region size 2048K, 3 young (6144K), 3 survivors (6144K)
 Metaspace       used 111286K, committed 111872K, reserved 1179648K
  class space    used 14638K, committed 14912K, reserved 1048576K
}
Event: 450.072 GC heap before
{Heap before GC invocations=31 (full 0):
 garbage-first heap   total 143360K, used 79869K [0x0000000724e00000, 0x0000000800000000)
  region size 2048K, 4 young (8192K), 3 survivors (6144K)
 Metaspace       used 111585K, committed 112064K, reserved 1179648K
  class space    used 14684K, committed 14912K, reserved 1048576K
}
Event: 450.076 GC heap after
{Heap after GC invocations=32 (full 0):
 garbage-first heap   total 143360K, used 77673K [0x0000000724e00000, 0x0000000800000000)
  region size 2048K, 1 young (2048K), 1 survivors (2048K)
 Metaspace       used 111585K, committed 112064K, reserved 1179648K
  class space    used 14684K, committed 14912K, reserved 1048576K
}
Event: 450.403 GC heap before
{Heap before GC invocations=32 (full 0):
 garbage-first heap   total 143360K, used 114537K [0x0000000724e00000, 0x0000000800000000)
  region size 2048K, 20 young (40960K), 1 survivors (2048K)
 Metaspace       used 116586K, committed 117184K, reserved 1179648K
  class space    used 15623K, committed 15872K, reserved 1048576K
}
Event: 450.406 GC heap after
{Heap after GC invocations=33 (full 0):
 garbage-first heap   total 143360K, used 82247K [0x0000000724e00000, 0x0000000800000000)
  region size 2048K, 3 young (6144K), 3 survivors (6144K)
 Metaspace       used 116586K, committed 117184K, reserved 1179648K
  class space    used 15623K, committed 15872K, reserved 1048576K
}
Event: 450.477 GC heap before
{Heap before GC invocations=34 (full 0):
 garbage-first heap   total 161792K, used 115015K [0x0000000724e00000, 0x0000000800000000)
  region size 2048K, 19 young (38912K), 3 survivors (6144K)
 Metaspace       used 116522K, committed 117184K, reserved 1179648K
  class space    used 15611K, committed 15872K, reserved 1048576K
}
Event: 450.480 GC heap after
{Heap after GC invocations=35 (full 0):
 garbage-first heap   total 161792K, used 82408K [0x0000000724e00000, 0x0000000800000000)
  region size 2048K, 1 young (2048K), 1 survivors (2048K)
 Metaspace       used 116522K, committed 117184K, reserved 1179648K
  class space    used 15611K, committed 15872K, reserved 1048576K
}
Event: 450.515 GC heap before
{Heap before GC invocations=35 (full 0):
 garbage-first heap   total 161792K, used 84456K [0x0000000724e00000, 0x0000000800000000)
  region size 2048K, 3 young (6144K), 1 survivors (2048K)
 Metaspace       used 117226K, committed 117760K, reserved 1179648K
  class space    used 15686K, committed 15936K, reserved 1048576K
}
Event: 450.517 GC heap after
{Heap after GC invocations=36 (full 0):
 garbage-first heap   total 161792K, used 80952K [0x0000000724e00000, 0x0000000800000000)
  region size 2048K, 1 young (2048K), 1 survivors (2048K)
 Metaspace       used 117226K, committed 117760K, reserved 1179648K
  class space    used 15686K, committed 15936K, reserved 1048576K
}
Event: 643.826 GC heap before
{Heap before GC invocations=36 (full 0):
 garbage-first heap   total 161792K, used 130104K [0x0000000724e00000, 0x0000000800000000)
  region size 2048K, 25 young (51200K), 1 survivors (2048K)
 Metaspace       used 121576K, committed 122368K, reserved 1179648K
  class space    used 16340K, committed 16704K, reserved 1048576K
}

